running develop
running egg_info
creating my_py_pkg.egg-info
writing my_py_pkg.egg-info/PKG-INFO
writing dependency_links to my_py_pkg.egg-info/dependency_links.txt
writing entry points to my_py_pkg.egg-info/entry_points.txt
writing requirements to my_py_pkg.egg-info/requires.txt
writing top-level names to my_py_pkg.egg-info/top_level.txt
writing manifest file 'my_py_pkg.egg-info/SOURCES.txt'
reading manifest file 'my_py_pkg.egg-info/SOURCES.txt'
writing manifest file 'my_py_pkg.egg-info/SOURCES.txt'
running build_ext
Creating /home/thirawat/ros2_ws/src/install/my_py_pkg/lib/python3.8/site-packages/site.py
Creating /home/thirawat/ros2_ws/src/install/my_py_pkg/lib/python3.8/site-packages/my-py-pkg.egg-link (link to .)
Installing Number_pub script to /home/thirawat/ros2_ws/src/install/my_py_pkg/lib/my_py_pkg
Installing add_two_ints_server script to /home/thirawat/ros2_ws/src/install/my_py_pkg/lib/my_py_pkg
Installing counter_ script to /home/thirawat/ros2_ws/src/install/my_py_pkg/lib/my_py_pkg
Installing py_node script to /home/thirawat/ros2_ws/src/install/my_py_pkg/lib/my_py_pkg
Installing robot_news_station script to /home/thirawat/ros2_ws/src/install/my_py_pkg/lib/my_py_pkg
Installing smartphone script to /home/thirawat/ros2_ws/src/install/my_py_pkg/lib/my_py_pkg

Installed /home/thirawat/ros2_ws/src/build/my_py_pkg
running install_data
creating /home/thirawat/ros2_ws/src/install/my_py_pkg/share/ament_index
creating /home/thirawat/ros2_ws/src/install/my_py_pkg/share/ament_index/resource_index
creating /home/thirawat/ros2_ws/src/install/my_py_pkg/share/ament_index/resource_index/packages
copying resource/my_py_pkg -> /home/thirawat/ros2_ws/src/install/my_py_pkg/share/ament_index/resource_index/packages
copying package.xml -> /home/thirawat/ros2_ws/src/install/my_py_pkg/share/my_py_pkg
