[0.438s] Invoking command in '/home/thirawat/ros2_ws/src/build/my_py_pkg': PYTHONPATH=/home/thirawat/ros2_ws/src/install/my_py_pkg/lib/python3.8/site-packages:${PYTHONPATH} /usr/bin/python3 setup.py develop --prefix /home/thirawat/ros2_ws/src/install/my_py_pkg --editable --build-directory /home/thirawat/ros2_ws/src/build/my_py_pkg/build --no-deps install_data --install-dir /home/thirawat/ros2_ws/src/install/my_py_pkg
[0.590s] running develop
[0.671s] running egg_info
[0.671s] creating my_py_pkg.egg-info
[0.671s] writing my_py_pkg.egg-info/PKG-INFO
[0.671s] writing dependency_links to my_py_pkg.egg-info/dependency_links.txt
[0.672s] writing entry points to my_py_pkg.egg-info/entry_points.txt
[0.672s] writing requirements to my_py_pkg.egg-info/requires.txt
[0.672s] writing top-level names to my_py_pkg.egg-info/top_level.txt
[0.672s] writing manifest file 'my_py_pkg.egg-info/SOURCES.txt'
[0.695s] reading manifest file 'my_py_pkg.egg-info/SOURCES.txt'
[0.696s] writing manifest file 'my_py_pkg.egg-info/SOURCES.txt'
[0.720s] running build_ext
[0.720s] Creating /home/thirawat/ros2_ws/src/install/my_py_pkg/lib/python3.8/site-packages/site.py
[0.721s] Creating /home/thirawat/ros2_ws/src/install/my_py_pkg/lib/python3.8/site-packages/my-py-pkg.egg-link (link to .)
[0.722s] Installing Number_pub script to /home/thirawat/ros2_ws/src/install/my_py_pkg/lib/my_py_pkg
[0.722s] Installing add_two_ints_server script to /home/thirawat/ros2_ws/src/install/my_py_pkg/lib/my_py_pkg
[0.722s] Installing counter_ script to /home/thirawat/ros2_ws/src/install/my_py_pkg/lib/my_py_pkg
[0.722s] Installing py_node script to /home/thirawat/ros2_ws/src/install/my_py_pkg/lib/my_py_pkg
[0.722s] Installing robot_news_station script to /home/thirawat/ros2_ws/src/install/my_py_pkg/lib/my_py_pkg
[0.722s] Installing smartphone script to /home/thirawat/ros2_ws/src/install/my_py_pkg/lib/my_py_pkg
[0.722s] 
[0.723s] Installed /home/thirawat/ros2_ws/src/build/my_py_pkg
[0.723s] running install_data
[0.723s] creating /home/thirawat/ros2_ws/src/install/my_py_pkg/share/ament_index
[0.723s] creating /home/thirawat/ros2_ws/src/install/my_py_pkg/share/ament_index/resource_index
[0.723s] creating /home/thirawat/ros2_ws/src/install/my_py_pkg/share/ament_index/resource_index/packages
[0.723s] copying resource/my_py_pkg -> /home/thirawat/ros2_ws/src/install/my_py_pkg/share/ament_index/resource_index/packages
[0.723s] copying package.xml -> /home/thirawat/ros2_ws/src/install/my_py_pkg/share/my_py_pkg
[0.741s] Invoked command in '/home/thirawat/ros2_ws/src/build/my_py_pkg' returned '0': PYTHONPATH=/home/thirawat/ros2_ws/src/install/my_py_pkg/lib/python3.8/site-packages:${PYTHONPATH} /usr/bin/python3 setup.py develop --prefix /home/thirawat/ros2_ws/src/install/my_py_pkg --editable --build-directory /home/thirawat/ros2_ws/src/build/my_py_pkg/build --no-deps install_data --install-dir /home/thirawat/ros2_ws/src/install/my_py_pkg
